2017-04-18T19:48:07.207+0000 I CONTROL  [initandlisten] MongoDB starting : pid=5843 port=27017 dbpath=/home/ubuntu/workspace/database/ 64-bit host=yotamalon-website-4692475
2017-04-18T19:48:07.208+0000 I CONTROL  [initandlisten] db version v3.4.3
2017-04-18T19:48:07.208+0000 I CONTROL  [initandlisten] git version: f07437fb5a6cca07c10bafa78365456eb1d6d5e1
2017-04-18T19:48:07.208+0000 I CONTROL  [initandlisten] OpenSSL version: OpenSSL 1.0.1f 6 Jan 2014
2017-04-18T19:48:07.208+0000 I CONTROL  [initandlisten] allocator: tcmalloc
2017-04-18T19:48:07.208+0000 I CONTROL  [initandlisten] modules: none
2017-04-18T19:48:07.208+0000 I CONTROL  [initandlisten] build environment:
2017-04-18T19:48:07.208+0000 I CONTROL  [initandlisten]     distmod: ubuntu1404
2017-04-18T19:48:07.208+0000 I CONTROL  [initandlisten]     distarch: x86_64
2017-04-18T19:48:07.208+0000 I CONTROL  [initandlisten]     target_arch: x86_64
2017-04-18T19:48:07.208+0000 I CONTROL  [initandlisten] options: { storage: { dbPath: "/home/ubuntu/workspace/database/", journal: { enabled: false } } }
2017-04-18T19:48:07.211+0000 I -        [initandlisten] Detected data files in /home/ubuntu/workspace/database/ created by the 'mmapv1' storage engine, so setting the active storage engine to 'mmapv1'.
2017-04-18T19:48:07.226+0000 I CONTROL  [initandlisten] 
2017-04-18T19:48:07.226+0000 I CONTROL  [initandlisten] ** WARNING: Access control is not enabled for the database.
2017-04-18T19:48:07.226+0000 I CONTROL  [initandlisten] **          Read and write access to data and configuration is unrestricted.
2017-04-18T19:48:07.226+0000 I CONTROL  [initandlisten] 
2017-04-18T19:48:07.236+0000 I FTDC     [initandlisten] Initializing full-time diagnostic data capture with directory '/home/ubuntu/workspace/database/diagnostic.data'
2017-04-18T19:48:07.238+0000 I NETWORK  [thread1] waiting for connections on port 27017
2017-04-18T19:49:11.430+0000 I CONTROL  [signalProcessingThread] got signal 2 (Interrupt), will terminate after current cmd ends
2017-04-18T19:49:11.430+0000 I NETWORK  [signalProcessingThread] shutdown: going to close listening sockets...
2017-04-18T19:49:11.430+0000 I NETWORK  [signalProcessingThread] closing listening socket: 6
2017-04-18T19:49:11.430+0000 I NETWORK  [signalProcessingThread] closing listening socket: 7
2017-04-18T19:49:11.430+0000 I NETWORK  [signalProcessingThread] removing socket file: /tmp/mongodb-27017.sock
2017-04-18T19:49:11.430+0000 I NETWORK  [signalProcessingThread] shutdown: going to flush diaglog...
2017-04-18T19:49:11.430+0000 I FTDC     [signalProcessingThread] Shutting down full-time diagnostic data capture
2017-04-18T19:49:11.432+0000 I STORAGE  [signalProcessingThread] shutdown: waiting for fs preallocator...
2017-04-18T19:49:11.432+0000 I STORAGE  [signalProcessingThread] shutdown: closing all files...
2017-04-18T19:49:11.434+0000 I STORAGE  [signalProcessingThread] closeAllFiles() finished
2017-04-18T19:49:11.434+0000 I STORAGE  [signalProcessingThread] shutdown: removing fs lock...
2017-04-18T19:49:11.434+0000 I CONTROL  [signalProcessingThread] now exiting
2017-04-18T19:49:11.434+0000 I CONTROL  [signalProcessingThread] shutting down with code:0
